#
# A fatal error has been detected by the Java Runtime Environment:
#
#  SIGSEGV (0xb) at pc=0x00007fff93b05687, pid=30741, tid=22287
#
# JRE version: Java(TM) SE Runtime Environment (8.0_20-b26) (build 1.8.0_20-b26)
# Java VM: Java HotSpot(TM) 64-Bit Server VM (25.20-b23 mixed mode bsd-amd64 compressed oops)
# Problematic frame:
# C  [libobjc.A.dylib+0x17687]  lookUpImpOrForward+0x52
#
# Failed to write core dump. Core dumps have been disabled. To enable core dumping, try "ulimit -c unlimited" before starting Java again
#
# If you would like to submit a bug report, please visit:
#   http://bugreport.sun.com/bugreport/crash.jsp
#

---------------  T H R E A D  ---------------

Current thread is native thread

siginfo: si_signo: 11 (SIGSEGV), si_code: 1 (SEGV_MAPERR), si_addr: 0x0000000000000000

Registers:
RAX=0x0000000000000000, RBX=0x00007fc48ae1b868, RCX=0x0000000000000001, RDX=0x00007fc48ae1b8d0
RSP=0x000000011e6ba250, RBP=0x000000011e6ba290, RSI=0x00007fff92aee509, RDI=0x00007fc48ae1b868
R8 =0x0000000000000000, R9 =0x0000000000000001, R10=0x000000012a44fea1, R11=0x00007fc48ae1b868
R12=0x00007fc48ae1b868, R13=0x0000000000000001, R14=0x00007ffffffffff8, R15=0x00007fff92aee509
RIP=0x00007fff93b05687, EFLAGS=0x0000000000010246, ERR=0x0000000000000004
  TRAPNO=0x000000000000000e

Top of Stack: (sp=0x000000011e6ba250)
0x000000011e6ba250:   00007fc48ae1b8d0 00007fc48d13b820
0x000000011e6ba260:   000000018d13b7a0 00007fc48d13b820
0x000000011e6ba270:   00007fc48afaced0 00007fc48ae1b8d0
0x000000011e6ba280:   00007fc488623350 00007fff93aef0c0
0x000000011e6ba290:   000000011e6ba360 00007fff93aef1ac
0x000000011e6ba2a0:   00000000ffff0000 000000000000000d
0x000000011e6ba2b0:   00007fc4887d3be0 00007fc48842bbf8
0x000000011e6ba2c0:   00007fff92aee509 00007fc48ae1b8d0
0x000000011e6ba2d0:   0000000000000030 00007fc48d13b7a0
0x000000011e6ba2e0:   0000000000000000 0000000000000000
0x000000011e6ba2f0:   4070000000000000 0000000000000000
0x000000011e6ba300:   4070000000000000 4070000000000000
0x000000011e6ba310:   c3e0000000000000 0000000000000000
0x000000011e6ba320:   43e0000000000000 0000000000000000
0x000000011e6ba330:   00007fc48d09d4a0 00007fff92dff617
0x000000011e6ba340:   00007fff93aef0c0 00007fc48d09d9c0
0x000000011e6ba350:   00007fc48d13ad50 00007fff93aef0c0
0x000000011e6ba360:   000000011e6ba3a0 00007fff94b63c36
0x000000011e6ba370:   00007fc4887d3be0 00007fc48ae438d0
0x000000011e6ba380:   0000000000000040 00007fff93aef0c0
0x000000011e6ba390:   00007fc48afaced0 00007fc48ae1b8d0
0x000000011e6ba3a0:   000000011e6bac80 00007fff94b637fa
0x000000011e6ba3b0:   00007fc4887d3be0 00007fc48afaa0e0
0x000000011e6ba3c0:   00007fc48afaced0 00007fc48d0a0090
0x000000011e6ba3d0:   0000000000000000 000000011e6ba3d0
0x000000011e6ba3e0:   0000002000000000 0000000000000000
0x000000011e6ba3f0:   0000000000000006 0000000000000006
0x000000011e6ba400:   0000000000000006 0000000000000006
0x000000011e6ba410:   0000000000000006 0000000000000006
0x000000011e6ba420:   0000000000000006 0000000000000006
0x000000011e6ba430:   0000000000000006 0000000000000006
0x000000011e6ba440:   0000000000000006 0000000000000006 

Instructions: (pc=0x00007fff93b05687)
0x00007fff93b05667:   49 89 c4 4d 85 e4 0f 85 ea 02 00 00 49 be f8 ff
0x00007fff93b05677:   ff ff ff 7f 00 00 48 8b 43 20 49 89 dc 4c 21 f0
0x00007fff93b05687:   83 38 00 0f 88 a3 00 00 00 65 48 8b 04 25 68 01
0x00007fff93b05697:   00 00 48 85 c0 74 0e 48 ff c0 65 48 89 04 25 68 

Register to memory mapping:

RAX=0x0000000000000000 is an unknown value
RBX=0x00007fc48ae1b868 is an unknown value
RCX=0x0000000000000001 is an unknown value
RDX=0x00007fc48ae1b8d0 is an unknown value
RSP=0x000000011e6ba250 is an unknown value
RBP=0x000000011e6ba290 is an unknown value
RSI=0x00007fff92aee509: -[NSTitlebarContainerView transparent]+0xb3ed in /System/Library/Frameworks/AppKit.framework/Versions/C/AppKit at 0x00007fff92140000
RDI=0x00007fc48ae1b868 is an unknown value
R8 =0x0000000000000000 is an unknown value
R9 =0x0000000000000001 is an unknown value
R10=0x000000012a44fea1 is an unknown value
R11=0x00007fc48ae1b868 is an unknown value
R12=0x00007fc48ae1b868 is an unknown value
R13=0x0000000000000001 is an unknown value
R14=0x00007ffffffffff8 is an unknown value
R15=0x00007fff92aee509: -[NSTitlebarContainerView transparent]+0xb3ed in /System/Library/Frameworks/AppKit.framework/Versions/C/AppKit at 0x00007fff92140000


Stack: [0x000000011e63c000,0x000000011e6bc000],  sp=0x000000011e6ba250,  free space=504k
Native frames: (J=compiled Java code, j=interpreted, Vv=VM code, C=native code)
C  [libobjc.A.dylib+0x17687]  lookUpImpOrForward+0x52
C  [libobjc.A.dylib+0x11ac]  objc_msgSend+0xec
C  [IconServices+0x15c36]  -[ISIconCache(CacheLookup) _createCGImageWithData:UUID:addToCache:]+0x9d
C  [IconServices+0x157fa]  -[ISIconCache(CacheLookup) _copyCachedCGImageForImageDescriptor:]+0x2af
C  [IconServices+0x14c59]  -[ISIconCache copyImageForBinding:size:scale:options:]+0x13b
C  [IconServices+0x1e20]  _ISCreateCGImageFromBindingWithSizeScaleAndOptions+0x96
C  [IconServices+0x3602]  _ISPlotIconRefInContext+0x77
C  [ImageKit+0xc5ec]  IKCGImageFromIconRef+0xeb
C  [ImageKit+0xfd800]  -[IKThumbnailBuilder computeThumbnail]+0x1b9
C  [ImageKit+0xfec19]  -[IKThumbnailOperation main]+0x21
C  [Foundation+0x59a6c]  -[__NSOperationInternal _start:]+0x28d
C  [Foundation+0x59543]  __NSOQSchedule_f+0xb8
C  [libdispatch.dylib+0x1c13]  _dispatch_client_callout+0x8
C  [libdispatch.dylib+0x5365]  _dispatch_queue_drain+0x44c
C  [libdispatch.dylib+0x6ecc]  _dispatch_queue_invoke+0xca
C  [libdispatch.dylib+0x46b7]  _dispatch_root_queue_drain+0x1cf
C  [libdispatch.dylib+0x12fe4]  _dispatch_worker_thread3+0x5b
C  [libsystem_pthread.dylib+0x3637]  _pthread_wqthread+0x2d9
C  [libsystem_pthread.dylib+0x140d]  start_wqthread+0xd


---------------  P R O C E S S  ---------------

VM state:not at safepoint (normal execution)

VM Mutex/Monitor currently owned by a thread: None

Heap:
 PSYoungGen      total 38400K, used 19187K [0x0000000795580000, 0x0000000798000000, 0x00000007c0000000)
  eden space 33280K, 57% used [0x0000000795580000,0x000000079683ce60,0x0000000797600000)
  from space 5120K, 0% used [0x0000000797b00000,0x0000000797b00000,0x0000000798000000)
  to   space 5120K, 0% used [0x0000000797600000,0x0000000797600000,0x0000000797b00000)
 ParOldGen       total 87552K, used 0K [0x0000000740000000, 0x0000000745580000, 0x0000000795580000)
  object space 87552K, 0% used [0x0000000740000000,0x0000000740000000,0x0000000745580000)
 Metaspace       used 11811K, capacity 11962K, committed 12288K, reserved 1060864K
  class space    used 1411K, capacity 1437K, committed 1536K, reserved 1048576K

Card table byte_map: [0x00000001155c0000,0x00000001159c1000] byte_map_base: 0x0000000111bc0000

Marking Bits: (ParMarkBitMap*) 0x000000010511d330
 Begin Bits: [0x0000000116078000, 0x0000000118078000)
 End Bits:   [0x0000000118078000, 0x000000011a078000)

Polling page: 0x00000001058f8000

CodeCache: size=245760Kb used=2853Kb max_used=2853Kb free=242906Kb
 bounds [0x0000000106200000, 0x00000001064d0000, 0x0000000115200000]
 total_blobs=1269 nmethods=745 adapters=439
 compilation: enabled

Compilation events (10 events):
Event: 6.041 Thread 0x00007fc48a00f000  740       3       sun.java2d.pipe.RenderBuffer::position (11 bytes)
Event: 6.041 Thread 0x00007fc48a00f000 nmethod 740 0x00000001064c9390 code [0x00000001064c94e0, 0x00000001064c9630]
Event: 6.055 Thread 0x00007fc48a00f000  742       3       sun.java2d.pipe.Region::clipScale (41 bytes)
Event: 6.055 Thread 0x00007fc48a00f000 nmethod 742 0x00000001064c8b10 code [0x00000001064c8cc0, 0x00000001064c8f88]
Event: 6.863 Thread 0x00007fc48a00f000  743       3       java.awt.EventQueue::uncacheEQItem (53 bytes)
Event: 6.864 Thread 0x00007fc48a00f000 nmethod 743 0x00000001064c7e50 code [0x00000001064c8000, 0x00000001064c86c8]
Event: 6.911 Thread 0x00007fc48a00f000  744   !   3       sun.lwawt.LWComponentPeer::isEnabled (19 bytes)
Event: 6.912 Thread 0x00007fc48a00f000 nmethod 744 0x00000001064c7890 code [0x00000001064c7a00, 0x00000001064c7d70]
Event: 6.912 Thread 0x00007fc48a00f000  745       3       java.awt.EventQueue::cacheEQItem (60 bytes)
Event: 6.912 Thread 0x00007fc48a00f000 nmethod 745 0x00000001064c9e50 code [0x00000001064ca000, 0x00000001064ca768]

GC Heap History (0 events):
No events

Deoptimization events (0 events):
No events

Internal exceptions (10 events):
Event: 1.425 Thread 0x00007fc489010000 Exception <a 'java/security/PrivilegedActionException'> (0x0000000796088b08) thrown at [/HUDSON3/workspace/8-2-build-macosx-x86_64/jdk8u20/1074/hotspot/src/share/vm/prims/jvm.cpp, line 1275]
Event: 1.426 Thread 0x00007fc489010000 Exception <a 'java/security/PrivilegedActionException'> (0x0000000796095d28) thrown at [/HUDSON3/workspace/8-2-build-macosx-x86_64/jdk8u20/1074/hotspot/src/share/vm/prims/jvm.cpp, line 1275]
Event: 1.427 Thread 0x00007fc489010000 Exception <a 'java/security/PrivilegedActionException'> (0x000000079609b560) thrown at [/HUDSON3/workspace/8-2-build-macosx-x86_64/jdk8u20/1074/hotspot/src/share/vm/prims/jvm.cpp, line 1275]
Event: 1.427 Thread 0x00007fc489010000 Exception <a 'java/security/PrivilegedActionException'> (0x00000007960a41f0) thrown at [/HUDSON3/workspace/8-2-build-macosx-x86_64/jdk8u20/1074/hotspot/src/share/vm/prims/jvm.cpp, line 1275]
Event: 1.429 Thread 0x00007fc489010000 Exception <a 'java/security/PrivilegedActionException'> (0x00000007960b0f30) thrown at [/HUDSON3/workspace/8-2-build-macosx-x86_64/jdk8u20/1074/hotspot/src/share/vm/prims/jvm.cpp, line 1275]
Event: 1.440 Thread 0x00007fc489010000 Exception <a 'java/security/PrivilegedActionException'> (0x000000079616f820) thrown at [/HUDSON3/workspace/8-2-build-macosx-x86_64/jdk8u20/1074/hotspot/src/share/vm/prims/jvm.cpp, line 1275]
Event: 1.443 Thread 0x00007fc489010000 Exception <a 'java/security/PrivilegedActionException'> (0x0000000796177d48) thrown at [/HUDSON3/workspace/8-2-build-macosx-x86_64/jdk8u20/1074/hotspot/src/share/vm/prims/jvm.cpp, line 1275]
Event: 2.321 Thread 0x00007fc489010000 Exception <a 'java/security/PrivilegedActionException'> (0x00000007962e1ce8) thrown at [/HUDSON3/workspace/8-2-build-macosx-x86_64/jdk8u20/1074/hotspot/src/share/vm/prims/jvm.cpp, line 1275]
Event: 2.324 Thread 0x00007fc489010000 Exception <a 'java/security/PrivilegedActionException'> (0x00000007962e9620) thrown at [/HUDSON3/workspace/8-2-build-macosx-x86_64/jdk8u20/1074/hotspot/src/share/vm/prims/jvm.cpp, line 1275]
Event: 2.326 Thread 0x00007fc489010000 Exception <a 'java/security/PrivilegedActionException'> (0x00000007962f13c8) thrown at [/HUDSON3/workspace/8-2-build-macosx-x86_64/jdk8u20/1074/hotspot/src/share/vm/prims/jvm.cpp, line 1275]

Events (10 events):
Event: 6.864 loading class javax/swing/JInternalFrame
Event: 6.865 loading class javax/swing/JInternalFrame done
Event: 6.865 loading class javax/swing/JMenu
Event: 6.865 loading class javax/swing/MenuElement
Event: 6.865 loading class javax/swing/MenuElement done
Event: 6.866 loading class javax/swing/JMenuItem
Event: 6.866 loading class javax/swing/AbstractButton
Event: 6.867 loading class javax/swing/AbstractButton done
Event: 6.867 loading class javax/swing/JMenuItem done
Event: 6.867 loading class javax/swing/JMenu done


Dynamic libraries:
0x000000000a30f000 	/System/Library/Frameworks/Cocoa.framework/Versions/A/Cocoa
0x000000000a30f000 	/System/Library/Frameworks/Security.framework/Versions/A/Security
0x000000000a30f000 	/System/Library/Frameworks/ApplicationServices.framework/Versions/A/ApplicationServices
0x000000000a30f000 	/usr/lib/libz.1.dylib
0x000000000a30f000 	/usr/lib/libSystem.B.dylib
0x000000000a30f000 	/usr/lib/libobjc.A.dylib
0x000000000a30f000 	/System/Library/Frameworks/CoreFoundation.framework/Versions/A/CoreFoundation
0x000000000a30f000 	/System/Library/Frameworks/Foundation.framework/Versions/C/Foundation
0x000000000a30f000 	/System/Library/Frameworks/AppKit.framework/Versions/C/AppKit
0x000000000a30f000 	/System/Library/Frameworks/CoreData.framework/Versions/A/CoreData
0x000000000a30f000 	/System/Library/PrivateFrameworks/RemoteViewServices.framework/Versions/A/RemoteViewServices
0x000000000a30f000 	/System/Library/PrivateFrameworks/UIFoundation.framework/Versions/A/UIFoundation
0x000000000a30f000 	/System/Library/Frameworks/IOSurface.framework/Versions/A/IOSurface
0x000000000a30f000 	/System/Library/Frameworks/AudioToolbox.framework/Versions/A/AudioToolbox
0x000000000a30f000 	/System/Library/Frameworks/AudioUnit.framework/Versions/A/AudioUnit
0x000000000a30f000 	/System/Library/PrivateFrameworks/DataDetectorsCore.framework/Versions/A/DataDetectorsCore
0x000000000a30f000 	/System/Library/PrivateFrameworks/DesktopServicesPriv.framework/Versions/A/DesktopServicesPriv
0x000000000a30f000 	/System/Library/Frameworks/Carbon.framework/Versions/A/Frameworks/HIToolbox.framework/Versions/A/HIToolbox
0x000000000a30f000 	/System/Library/Frameworks/QuartzCore.framework/Versions/A/QuartzCore
0x000000000a30f000 	/System/Library/Frameworks/Carbon.framework/Versions/A/Frameworks/SpeechRecognition.framework/Versions/A/SpeechRecognition
0x000000000a30f000 	/usr/lib/libauto.dylib
0x000000000a30f000 	/usr/lib/libicucore.A.dylib
0x000000000a30f000 	/usr/lib/libxml2.2.dylib
0x000000000a30f000 	/System/Library/PrivateFrameworks/CoreUI.framework/Versions/A/CoreUI
0x000000000a30f000 	/System/Library/Frameworks/CoreAudio.framework/Versions/A/CoreAudio
0x000000000a30f000 	/System/Library/Frameworks/DiskArbitration.framework/Versions/A/DiskArbitration
0x000000000a30f000 	/usr/lib/liblangid.dylib
0x000000000a30f000 	/System/Library/PrivateFrameworks/MultitouchSupport.framework/Versions/A/MultitouchSupport
0x000000000a30f000 	/System/Library/Frameworks/IOKit.framework/Versions/A/IOKit
0x000000000a30f000 	/usr/lib/libDiagnosticMessagesClient.dylib
0x000000000a30f000 	/System/Library/Frameworks/CoreServices.framework/Versions/A/CoreServices
0x000000000a30f000 	/System/Library/PrivateFrameworks/PerformanceAnalysis.framework/Versions/A/PerformanceAnalysis
0x000000000a30f000 	/System/Library/PrivateFrameworks/GenerationalStorage.framework/Versions/A/GenerationalStorage
0x000000000a30f000 	/System/Library/Frameworks/OpenGL.framework/Versions/A/OpenGL
0x000000000a30f000 	/System/Library/PrivateFrameworks/Sharing.framework/Versions/A/Sharing
0x000000000a30f000 	/System/Library/Frameworks/CoreGraphics.framework/Versions/A/CoreGraphics
0x000000000a30f000 	/System/Library/Frameworks/CoreText.framework/Versions/A/CoreText
0x000000000a30f000 	/System/Library/Frameworks/ImageIO.framework/Versions/A/ImageIO
0x000000000a30f000 	/usr/lib/libextension.dylib
0x000000000a30f000 	/System/Library/PrivateFrameworks/Backup.framework/Versions/A/Backup
0x000000000a30f000 	/usr/lib/libarchive.2.dylib
0x000000000a30f000 	/System/Library/Frameworks/CFNetwork.framework/Versions/A/CFNetwork
0x000000000a30f000 	/System/Library/Frameworks/SystemConfiguration.framework/Versions/A/SystemConfiguration
0x000000000a30f000 	/usr/lib/libCRFSuite.dylib
0x000000000a30f000 	/usr/lib/libc++.1.dylib
0x000000000a30f000 	/usr/lib/libc++abi.dylib
0x000000000a30f000 	/usr/lib/system/libcache.dylib
0x000000000a30f000 	/usr/lib/system/libcommonCrypto.dylib
0x000000000a30f000 	/usr/lib/system/libcompiler_rt.dylib
0x000000000a30f000 	/usr/lib/system/libcopyfile.dylib
0x000000000a30f000 	/usr/lib/system/libcorecrypto.dylib
0x000000000a30f000 	/usr/lib/system/libdispatch.dylib
0x000000000a30f000 	/usr/lib/system/libdyld.dylib
0x000000000a30f000 	/usr/lib/system/libkeymgr.dylib
0x000000000a30f000 	/usr/lib/system/liblaunch.dylib
0x000000000a30f000 	/usr/lib/system/libmacho.dylib
0x000000000a30f000 	/usr/lib/system/libquarantine.dylib
0x000000000a30f000 	/usr/lib/system/libremovefile.dylib
0x000000000a30f000 	/usr/lib/system/libsystem_asl.dylib
0x000000000a30f000 	/usr/lib/system/libsystem_blocks.dylib
0x000000000a30f000 	/usr/lib/system/libsystem_c.dylib
0x000000000a30f000 	/usr/lib/system/libsystem_configuration.dylib
0x000000000a30f000 	/usr/lib/system/libsystem_coreservices.dylib
0x000000000a30f000 	/usr/lib/system/libsystem_coretls.dylib
0x000000000a30f000 	/usr/lib/system/libsystem_dnssd.dylib
0x000000000a30f000 	/usr/lib/system/libsystem_info.dylib
0x000000000a30f000 	/usr/lib/system/libsystem_kernel.dylib
0x000000000a30f000 	/usr/lib/system/libsystem_m.dylib
0x000000000a30f000 	/usr/lib/system/libsystem_malloc.dylib
0x000000000a30f000 	/usr/lib/system/libsystem_network.dylib
0x000000000a30f000 	/usr/lib/system/libsystem_networkextension.dylib
0x000000000a30f000 	/usr/lib/system/libsystem_notify.dylib
0x000000000a30f000 	/usr/lib/system/libsystem_platform.dylib
0x000000000a30f000 	/usr/lib/system/libsystem_pthread.dylib
0x000000000a30f000 	/usr/lib/system/libsystem_sandbox.dylib
0x000000000a30f000 	/usr/lib/system/libsystem_secinit.dylib
0x000000000a30f000 	/usr/lib/system/libsystem_stats.dylib
0x000000000a30f000 	/usr/lib/system/libsystem_trace.dylib
0x000000000a30f000 	/usr/lib/system/libunc.dylib
0x000000000a30f000 	/usr/lib/system/libunwind.dylib
0x000000000a30f000 	/usr/lib/system/libxpc.dylib
0x000000000a30f000 	/usr/lib/libbz2.1.0.dylib
0x000000000a30f000 	/usr/lib/liblzma.5.dylib
0x000000000a30f000 	/usr/lib/libbsm.0.dylib
0x000000000a30f000 	/usr/lib/libsqlite3.dylib
0x000000000a30f000 	/usr/lib/system/libkxld.dylib
0x000000000a30f000 	/usr/lib/libxar.1.dylib
0x000000000a30f000 	/usr/lib/libpam.2.dylib
0x000000000a30f000 	/usr/lib/libOpenScriptingUtil.dylib
0x000000000a30f000 	/System/Library/Frameworks/CoreServices.framework/Versions/A/Frameworks/FSEvents.framework/Versions/A/FSEvents
0x000000000a30f000 	/System/Library/Frameworks/CoreServices.framework/Versions/A/Frameworks/CarbonCore.framework/Versions/A/CarbonCore
0x000000000a30f000 	/System/Library/Frameworks/CoreServices.framework/Versions/A/Frameworks/Metadata.framework/Versions/A/Metadata
0x000000000a30f000 	/System/Library/Frameworks/CoreServices.framework/Versions/A/Frameworks/OSServices.framework/Versions/A/OSServices
0x000000000a30f000 	/System/Library/Frameworks/CoreServices.framework/Versions/A/Frameworks/SearchKit.framework/Versions/A/SearchKit
0x000000000a30f000 	/System/Library/Frameworks/CoreServices.framework/Versions/A/Frameworks/AE.framework/Versions/A/AE
0x000000000a30f000 	/System/Library/Frameworks/CoreServices.framework/Versions/A/Frameworks/LaunchServices.framework/Versions/A/LaunchServices
0x000000000a30f000 	/System/Library/Frameworks/CoreServices.framework/Versions/A/Frameworks/DictionaryServices.framework/Versions/A/DictionaryServices
0x000000000a30f000 	/System/Library/Frameworks/NetFS.framework/Versions/A/NetFS
0x000000000a30f000 	/System/Library/PrivateFrameworks/NetAuth.framework/Versions/A/NetAuth
0x000000000a30f000 	/System/Library/PrivateFrameworks/login.framework/Versions/A/Frameworks/loginsupport.framework/Versions/A/loginsupport
0x000000000a30f000 	/System/Library/PrivateFrameworks/TCC.framework/Versions/A/TCC
0x000000000a30f000 	/usr/lib/libmecabra.dylib
0x000000000a30f000 	/System/Library/Frameworks/ApplicationServices.framework/Versions/A/Frameworks/ATS.framework/Versions/A/ATS
0x000000000a30f000 	/System/Library/Frameworks/ApplicationServices.framework/Versions/A/Frameworks/ColorSync.framework/Versions/A/ColorSync
0x000000000a30f000 	/System/Library/Frameworks/ApplicationServices.framework/Versions/A/Frameworks/HIServices.framework/Versions/A/HIServices
0x000000000a30f000 	/System/Library/Frameworks/ApplicationServices.framework/Versions/A/Frameworks/LangAnalysis.framework/Versions/A/LangAnalysis
0x000000000a30f000 	/System/Library/Frameworks/ApplicationServices.framework/Versions/A/Frameworks/PrintCore.framework/Versions/A/PrintCore
0x000000000a30f000 	/System/Library/Frameworks/ApplicationServices.framework/Versions/A/Frameworks/QD.framework/Versions/A/QD
0x000000000a30f000 	/System/Library/Frameworks/ApplicationServices.framework/Versions/A/Frameworks/SpeechSynthesis.framework/Versions/A/SpeechSynthesis
0x000000000a30f000 	/System/Library/Frameworks/Accelerate.framework/Versions/A/Accelerate
0x000000000a30f000 	/System/Library/Frameworks/Accelerate.framework/Versions/A/Frameworks/vImage.framework/Versions/A/vImage
0x000000000a30f000 	/System/Library/Frameworks/Accelerate.framework/Versions/A/Frameworks/vecLib.framework/Versions/A/vecLib
0x000000000a30f000 	/System/Library/Frameworks/Accelerate.framework/Versions/A/Frameworks/vecLib.framework/Versions/A/libvDSP.dylib
0x000000000a30f000 	/System/Library/Frameworks/Accelerate.framework/Versions/A/Frameworks/vecLib.framework/Versions/A/libvMisc.dylib
0x000000000a30f000 	/System/Library/Frameworks/Accelerate.framework/Versions/A/Frameworks/vecLib.framework/Versions/A/libLAPACK.dylib
0x000000000a30f000 	/System/Library/Frameworks/Accelerate.framework/Versions/A/Frameworks/vecLib.framework/Versions/A/libBLAS.dylib
0x000000000a30f000 	/System/Library/Frameworks/Accelerate.framework/Versions/A/Frameworks/vecLib.framework/Versions/A/libLinearAlgebra.dylib
0x000000000a30f000 	/System/Library/Frameworks/ApplicationServices.framework/Versions/A/Frameworks/ATS.framework/Versions/A/Resources/libFontParser.dylib
0x000000000a30f000 	/System/Library/Frameworks/ApplicationServices.framework/Versions/A/Frameworks/ATS.framework/Versions/A/Resources/libFontRegistry.dylib
0x000000000a30f000 	/System/Library/PrivateFrameworks/AppleVPA.framework/Versions/A/AppleVPA
0x000000000a30f000 	/System/Library/PrivateFrameworks/AppleJPEG.framework/Versions/A/AppleJPEG
0x000000000a30f000 	/System/Library/Frameworks/ImageIO.framework/Versions/A/Resources/libJPEG.dylib
0x000000000a30f000 	/System/Library/Frameworks/ImageIO.framework/Versions/A/Resources/libTIFF.dylib
0x000000000a30f000 	/System/Library/Frameworks/ImageIO.framework/Versions/A/Resources/libPng.dylib
0x000000000a30f000 	/System/Library/Frameworks/ImageIO.framework/Versions/A/Resources/libGIF.dylib
0x000000000a30f000 	/System/Library/Frameworks/ImageIO.framework/Versions/A/Resources/libJP2.dylib
0x000000000a30f000 	/System/Library/Frameworks/ImageIO.framework/Versions/A/Resources/libRadiance.dylib
0x000000000a30f000 	/System/Library/Frameworks/CoreVideo.framework/Versions/A/CoreVideo
0x000000000a30f000 	/System/Library/Frameworks/OpenGL.framework/Versions/A/Libraries/libGLU.dylib
0x000000000a30f000 	/System/Library/Frameworks/OpenGL.framework/Versions/A/Libraries/libGFXShared.dylib
0x000000000a30f000 	/System/Library/Frameworks/OpenGL.framework/Versions/A/Libraries/libGL.dylib
0x000000000a30f000 	/System/Library/Frameworks/OpenGL.framework/Versions/A/Libraries/libGLImage.dylib
0x000000000a30f000 	/System/Library/Frameworks/OpenGL.framework/Versions/A/Libraries/libCVMSPluginSupport.dylib
0x000000000a30f000 	/System/Library/Frameworks/OpenGL.framework/Versions/A/Libraries/libCoreVMClient.dylib
0x000000000a30f000 	/usr/lib/libcups.2.dylib
0x000000000a30f000 	/System/Library/Frameworks/Kerberos.framework/Versions/A/Kerberos
0x000000000a30f000 	/System/Library/Frameworks/GSS.framework/Versions/A/GSS
0x000000000a30f000 	/usr/lib/libresolv.9.dylib
0x000000000a30f000 	/usr/lib/libiconv.2.dylib
0x000000000a30f000 	/System/Library/PrivateFrameworks/Heimdal.framework/Versions/A/Heimdal
0x000000000a30f000 	/usr/lib/libheimdal-asn1.dylib
0x000000000a30f000 	/System/Library/Frameworks/OpenDirectory.framework/Versions/A/OpenDirectory
0x000000000a30f000 	/System/Library/PrivateFrameworks/CommonAuth.framework/Versions/A/CommonAuth
0x000000000a30f000 	/System/Library/Frameworks/OpenDirectory.framework/Versions/A/Frameworks/CFOpenDirectory.framework/Versions/A/CFOpenDirectory
0x000000000a30f000 	/System/Library/Frameworks/SecurityFoundation.framework/Versions/A/SecurityFoundation
0x000000000a30f000 	/System/Library/PrivateFrameworks/LanguageModeling.framework/Versions/A/LanguageModeling
0x000000000a30f000 	/usr/lib/libcmph.dylib
0x000000000a30f000 	/System/Library/Frameworks/ServiceManagement.framework/Versions/A/ServiceManagement
0x000000000a30f000 	/usr/lib/libxslt.1.dylib
0x000000000a30f000 	/System/Library/Frameworks/Carbon.framework/Versions/A/Frameworks/Ink.framework/Versions/A/Ink
0x000000000a30f000 	/System/Library/Frameworks/QuartzCore.framework/Versions/A/Frameworks/CoreImage.framework/Versions/A/CoreImage
0x000000000a30f000 	/System/Library/PrivateFrameworks/CrashReporterSupport.framework/Versions/A/CrashReporterSupport
0x000000000a30f000 	/System/Library/Frameworks/OpenCL.framework/Versions/A/OpenCL
0x000000000a30f000 	/System/Library/PrivateFrameworks/FaceCore.framework/Versions/A/FaceCore
0x000000000a30f000 	/System/Library/PrivateFrameworks/Ubiquity.framework/Versions/A/Ubiquity
0x000000000a30f000 	/System/Library/PrivateFrameworks/IconServices.framework/Versions/A/IconServices
0x000000000a30f000 	/System/Library/PrivateFrameworks/ChunkingLibrary.framework/Versions/A/ChunkingLibrary
0x000000000a30f000 	/System/Library/PrivateFrameworks/Apple80211.framework/Versions/A/Apple80211
0x000000000a30f000 	/System/Library/Frameworks/CoreWLAN.framework/Versions/A/CoreWLAN
0x000000000a30f000 	/System/Library/Frameworks/IOBluetooth.framework/Versions/A/IOBluetooth
0x000000000a30f000 	/System/Library/PrivateFrameworks/CoreWiFi.framework/Versions/A/CoreWiFi
0x000000000a30f000 	/System/Library/Frameworks/CoreBluetooth.framework/Versions/A/CoreBluetooth
0x000000000a30f000 	/System/Library/PrivateFrameworks/DebugSymbols.framework/Versions/A/DebugSymbols
0x000000000a30f000 	/System/Library/PrivateFrameworks/CoreSymbolication.framework/Versions/A/CoreSymbolication
0x000000000a30f000 	/System/Library/PrivateFrameworks/Symbolication.framework/Versions/A/Symbolication
0x000000000a30f000 	/System/Library/PrivateFrameworks/SpeechRecognitionCore.framework/Versions/A/SpeechRecognitionCore
0x0000000104881000 	/Library/Java/JavaVirtualMachines/jdk1.8.0_20.jdk/Contents/Home/jre/lib/server/libjvm.dylib
0x000000000a30f000 	/usr/lib/libstdc++.6.dylib
0x00000001058b6000 	/Library/Java/JavaVirtualMachines/jdk1.8.0_20.jdk/Contents/Home/jre/lib/libverify.dylib
0x00000001058c4000 	/Library/Java/JavaVirtualMachines/jdk1.8.0_20.jdk/Contents/Home/jre/lib/libjava.dylib
0x0000000105902000 	/Library/Java/JavaVirtualMachines/jdk1.8.0_20.jdk/Contents/Home/jre/lib/libzip.dylib
0x000000011c189000 	/System/Library/Frameworks/JavaVM.framework/Frameworks/JavaRuntimeSupport.framework/JavaRuntimeSupport
0x000000011c1a1000 	/System/Library/Frameworks/JavaVM.framework/Versions/A/Frameworks/JavaNativeFoundation.framework/Versions/A/JavaNativeFoundation
0x000000011c1b6000 	/System/Library/Frameworks/JavaVM.framework/Versions/A/JavaVM
0x000000000a30f000 	/System/Library/Frameworks/Carbon.framework/Versions/A/Carbon
0x000000011c1c3000 	/System/Library/PrivateFrameworks/JavaLaunching.framework/Versions/A/JavaLaunching
0x000000000a30f000 	/System/Library/Frameworks/Carbon.framework/Versions/A/Frameworks/CommonPanels.framework/Versions/A/CommonPanels
0x000000000a30f000 	/System/Library/Frameworks/Carbon.framework/Versions/A/Frameworks/Help.framework/Versions/A/Help
0x000000000a30f000 	/System/Library/Frameworks/Carbon.framework/Versions/A/Frameworks/ImageCapture.framework/Versions/A/ImageCapture
0x000000000a30f000 	/System/Library/Frameworks/Carbon.framework/Versions/A/Frameworks/OpenScripting.framework/Versions/A/OpenScripting
0x000000000a30f000 	/System/Library/Frameworks/Carbon.framework/Versions/A/Frameworks/Print.framework/Versions/A/Print
0x000000000a30f000 	/System/Library/Frameworks/Carbon.framework/Versions/A/Frameworks/SecurityHI.framework/Versions/A/SecurityHI
0x000000011e21a000 	/Applications/IntelliJ IDEA 14 CE.app/Contents/bin/libbreakgen64.jnilib
0x000000011e320000 	/Library/Java/JavaVirtualMachines/jdk1.8.0_20.jdk/Contents/Home/jre/lib/libnet.dylib
0x000000011e37f000 	/Library/Java/JavaVirtualMachines/jdk1.8.0_20.jdk/Contents/Home/jre/lib/libawt.dylib
0x000000011e42e000 	/Library/Java/JavaVirtualMachines/jdk1.8.0_20.jdk/Contents/Home/jre/lib/./libmlib_image.dylib
0x000000011e4fa000 	/Library/Java/JavaVirtualMachines/jdk1.8.0_20.jdk/Contents/Home/jre/lib/libawt_lwawt.dylib
0x000000011e5ad000 	/Library/Java/JavaVirtualMachines/jdk1.8.0_20.jdk/Contents/Home/jre/lib/./libosxapp.dylib
0x000000000a30f000 	/System/Library/Frameworks/ExceptionHandling.framework/Versions/A/ExceptionHandling
0x000000000a30f000 	/System/Library/PrivateFrameworks/CoreServicesInternal.framework/Versions/A/CoreServicesInternal
0x000000000a30f000 	/System/Library/PrivateFrameworks/CloudDocs.framework/Versions/A/CloudDocs
0x000000000a30f000 	/System/Library/PrivateFrameworks/CoreDuet.framework/Versions/A/CoreDuet
0x000000000a30f000 	/System/Library/Frameworks/CloudKit.framework/Versions/A/CloudKit
0x000000000a30f000 	/System/Library/PrivateFrameworks/ProtocolBuffer.framework/Versions/A/ProtocolBuffer
0x000000000a30f000 	/System/Library/PrivateFrameworks/CoreDuetDaemonProtocol.framework/Versions/A/CoreDuetDaemonProtocol
0x000000000a30f000 	/System/Library/PrivateFrameworks/CoreDuetDebugLogging.framework/Versions/A/CoreDuetDebugLogging
0x000000000a30f000 	/System/Library/PrivateFrameworks/MMCS.framework/Versions/A/MMCS
0x000000000a30f000 	/System/Library/Frameworks/CoreLocation.framework/Versions/A/CoreLocation
0x000000000a30f000 	/System/Library/PrivateFrameworks/ProtectedCloudStorage.framework/Versions/A/ProtectedCloudStorage
0x000000000a30f000 	/System/Library/PrivateFrameworks/GeoServices.framework/Versions/A/GeoServices
0x000000000a30f000 	/System/Library/Frameworks/CoreGraphics.framework/Versions/A/Resources/libCGCMS.A.dylib
0x000000000a30f000 	/System/Library/Frameworks/CoreGraphics.framework/Versions/A/Resources/libRIP.A.dylib
0x000000000a30f000 	/System/Library/Frameworks/CoreGraphics.framework/Versions/A/Resources/libCGXType.A.dylib
0x000000000a30f000 	/System/Library/Frameworks/OpenCL.framework/Versions/A/Libraries/libcldcpuengine.dylib
0x000000000a30f000 	/System/Library/PrivateFrameworks/DiskImages.framework/Versions/A/DiskImages
0x000000000a30f000 	/System/Library/Frameworks/DiscRecording.framework/Versions/A/DiscRecording
0x000000000a30f000 	/usr/lib/libcsfde.dylib
0x000000000a30f000 	/usr/lib/libcurl.4.dylib
0x000000000a30f000 	/System/Library/PrivateFrameworks/MediaKit.framework/Versions/A/MediaKit
0x000000000a30f000 	/usr/lib/libCoreStorage.dylib
0x000000000a30f000 	/System/Library/PrivateFrameworks/EFILogin.framework/Versions/A/EFILogin
0x000000000a30f000 	/usr/lib/libutil.dylib
0x000000000a30f000 	/System/Library/PrivateFrameworks/FindMyDevice.framework/Versions/A/FindMyDevice
0x000000000a30f000 	/System/Library/Frameworks/LDAP.framework/Versions/A/LDAP
0x000000000a30f000 	/usr/lib/libsasl2.2.dylib
0x000000000a30f000 	/System/Library/PrivateFrameworks/CoreDaemon.framework/Versions/B/CoreDaemon
0x000000000a30f000 	/usr/lib/libcrypto.0.9.8.dylib
0x000000000a30f000 	/System/Library/PrivateFrameworks/AppleSRP.framework/Versions/A/AppleSRP
0x000000000a30f000 	/System/Library/PrivateFrameworks/TrustEvaluationAgent.framework/Versions/A/TrustEvaluationAgent
0x00000001217f7000 	cl_kernels
0x00000001217f9000 	/System/Library/Frameworks/OpenCL.framework/Versions/A/Libraries/ImageFormats/unorm8_bgra.dylib
0x00000001217e9000 	cl_kernels
0x000000000a30f000 	/System/Library/PrivateFrameworks/FamilyControls.framework/Versions/A/FamilyControls
0x000000000a30f000 	/System/Library/PrivateFrameworks/CommerceKit.framework/Versions/A/Frameworks/CommerceCore.framework/Versions/A/CommerceCore
0x000000000a30f000 	/System/Library/PrivateFrameworks/SystemAdministration.framework/Versions/A/SystemAdministration
0x000000000a30f000 	/System/Library/PrivateFrameworks/AppContainer.framework/Versions/A/AppContainer
0x000000000a30f000 	/System/Library/PrivateFrameworks/SecCodeWrapper.framework/Versions/A/SecCodeWrapper
0x000000000a30f000 	/System/Library/Frameworks/DirectoryService.framework/Versions/A/DirectoryService
0x000000000a30f000 	/System/Library/PrivateFrameworks/LoginUIKit.framework/Versions/A/Frameworks/LoginUICore.framework/Versions/A/LoginUICore
0x000000000a30f000 	/usr/lib/libodfde.dylib
0x000000000a30f000 	/System/Library/Frameworks/OpenGL.framework/Versions/A/Resources/GLEngine.bundle/GLEngine
0x000000000a30f000 	/System/Library/Frameworks/OpenGL.framework/Versions/A/Libraries/libGLProgrammability.dylib
0x0000000000000000 	/System/Library/Extensions/AppleIntelHD4000GraphicsGLDriver.bundle/Contents/MacOS/AppleIntelHD4000GraphicsGLDriver
0x000000000a30f000 	/System/Library/PrivateFrameworks/IOAccelerator.framework/Versions/A/IOAccelerator
0x000000000a30f000 	/System/Library/PrivateFrameworks/GPUSupport.framework/Versions/A/Libraries/libGPUSupportMercury.dylib
0x000000000a30f000 	/System/Library/Frameworks/OpenGL.framework/Versions/A/Resources/GLRendererFloat.bundle/GLRendererFloat
0x0000000123503000 	/Library/Java/JavaVirtualMachines/jdk1.8.0_20.jdk/Contents/Home/jre/lib/libfontmanager.dylib
0x0000000123569000 	/Library/Java/JavaVirtualMachines/jdk1.8.0_20.jdk/Contents/Home/jre/lib/libosxui.dylib
0x0000000123c6b000 	/Library/Java/JavaVirtualMachines/jdk1.8.0_20.jdk/Contents/Home/jre/lib/libnio.dylib
0x000000000a30f000 	/System/Library/Frameworks/ApplicationServices.framework/Versions/A/Frameworks/ATS.framework/Versions/A/Resources/libTrueTypeScaler.dylib
0x000000000a30f000 	/System/Library/PrivateFrameworks/FinderKit.framework/Versions/A/FinderKit
0x000000000a30f000 	/System/Library/PrivateFrameworks/Suggestions.framework/Versions/A/Suggestions
0x000000000a30f000 	/System/Library/Frameworks/Quartz.framework/Versions/A/Frameworks/QuickLookUI.framework/Versions/A/QuickLookUI
0x000000000a30f000 	/System/Library/Frameworks/Quartz.framework/Versions/A/Frameworks/ImageKit.framework/Versions/A/ImageKit
0x000000000a30f000 	/System/Library/PrivateFrameworks/Bom.framework/Versions/A/Bom
0x000000000a30f000 	/System/Library/Frameworks/QuickLook.framework/Versions/A/QuickLook
0x000000000a30f000 	/System/Library/PrivateFrameworks/AppleSystemInfo.framework/Versions/A/AppleSystemInfo
0x000000000a30f000 	/System/Library/Frameworks/ImageCaptureCore.framework/Versions/A/ImageCaptureCore
0x000000000a30f000 	/System/Library/Frameworks/AddressBook.framework/Versions/A/AddressBook
0x000000000a30f000 	/System/Library/PrivateFrameworks/IntlPreferences.framework/Versions/A/IntlPreferences
0x000000000a30f000 	/System/Library/PrivateFrameworks/ToneLibrary.framework/Versions/A/ToneLibrary
0x000000000a30f000 	/System/Library/PrivateFrameworks/ToneKit.framework/Versions/A/ToneKit
0x000000000a30f000 	/System/Library/PrivateFrameworks/vCard.framework/Versions/A/vCard
0x000000000a30f000 	/System/Library/PrivateFrameworks/ApplePushService.framework/Versions/A/ApplePushService
0x000000000a30f000 	/System/Library/PrivateFrameworks/ContactsData.framework/Versions/A/ContactsData
0x000000000a30f000 	/System/Library/PrivateFrameworks/ContactsFoundation.framework/Versions/A/ContactsFoundation
0x000000000a30f000 	/System/Library/Frameworks/SecurityInterface.framework/Versions/A/SecurityInterface
0x000000000a30f000 	/System/Library/PrivateFrameworks/PhoneNumbers.framework/Versions/A/PhoneNumbers
0x000000000a30f000 	/System/Library/Frameworks/Quartz.framework/Versions/A/Quartz
0x000000000a30f000 	/System/Library/Frameworks/AVFoundation.framework/Versions/A/AVFoundation
0x000000000a30f000 	/System/Library/Frameworks/AVFoundation.framework/Versions/A/Resources/libAVFAudio.dylib
0x000000000a30f000 	/System/Library/Frameworks/CoreMedia.framework/Versions/A/CoreMedia
0x000000000a30f000 	/System/Library/Frameworks/MediaToolbox.framework/Versions/A/MediaToolbox
0x000000000a30f000 	/System/Library/Frameworks/VideoToolbox.framework/Versions/A/VideoToolbox
0x000000000a30f000 	/System/Library/Frameworks/CoreMediaIO.framework/Versions/A/CoreMediaIO
0x000000000a30f000 	/System/Library/PrivateFrameworks/MediaControlSender.framework/Versions/A/MediaControlSender
0x000000000a30f000 	/System/Library/PrivateFrameworks/CoreAVCHD.framework/Versions/A/CoreAVCHD
0x000000000a30f000 	/System/Library/Frameworks/MediaAccessibility.framework/Versions/A/MediaAccessibility
0x000000000a30f000 	/System/Library/PrivateFrameworks/Mangrove.framework/Versions/A/Mangrove
0x000000000a30f000 	/System/Library/PrivateFrameworks/CoreAUC.framework/Versions/A/CoreAUC
0x000000000a30f000 	/System/Library/PrivateFrameworks/NetworkStatistics.framework/Versions/A/NetworkStatistics
0x000000000a30f000 	/System/Library/PrivateFrameworks/AirPlaySupport.framework/Versions/A/AirPlaySupport
0x000000000a30f000 	/System/Library/PrivateFrameworks/CoreUtils.framework/Versions/A/CoreUtils
0x000000000a30f000 	/System/Library/PrivateFrameworks/AppleVA.framework/Versions/A/AppleVA
0x000000000a30f000 	/System/Library/PrivateFrameworks/XPCService.framework/Versions/A/XPCService
0x000000000a30f000 	/System/Library/PrivateFrameworks/AppSandbox.framework/Versions/A/AppSandbox
0x000000000a30f000 	/usr/lib/libsandbox.1.dylib
0x000000000a30f000 	/usr/lib/libMatch.1.dylib
0x000000000a30f000 	/System/Library/PrivateFrameworks/SafariServices.framework/Versions/A/SafariServices
0x000000000a30f000 	/usr/lib/libspindump.dylib
0x000000000a30f000 	/System/Library/Frameworks/QTKit.framework/Versions/A/QTKit
0x000000000a30f000 	/System/Library/PrivateFrameworks/CoreMediaAuthoring.framework/Versions/A/CoreMediaAuthoring
0x000000000a30f000 	/System/Library/Frameworks/Quartz.framework/Versions/A/Frameworks/QuartzComposer.framework/Versions/A/QuartzComposer
0x000000000a30f000 	/System/Library/Frameworks/Quartz.framework/Versions/A/Frameworks/PDFKit.framework/Versions/A/PDFKit
0x000000000a30f000 	/System/Library/Frameworks/Quartz.framework/Versions/A/Frameworks/QuartzFilters.framework/Versions/A/QuartzFilters
0x000000000a30f000 	/System/Library/Frameworks/JavaScriptCore.framework/Versions/A/JavaScriptCore
0x000000000a30f000 	/System/Library/PrivateFrameworks/CorePDF.framework/Versions/A/CorePDF
0x000000000a30f000 	/System/Library/PrivateFrameworks/DisplayServices.framework/Versions/A/DisplayServices
0x000000000a30f000 	/System/Library/PrivateFrameworks/AppleFSCompression.framework/Versions/A/AppleFSCompression
0x0000000128e7d000 	/System/Library/PrivateFrameworks/CacheDelete.framework/CacheDelete
0x000000000a30f000 	/System/Library/PrivateFrameworks/PlugInKit.framework/Versions/A/PlugInKit
0x000000000a30f000 	/System/Library/CoreServices/RawCamera.bundle/Contents/MacOS/RawCamera
0x0000000129417000 	/System/Library/Frameworks/OpenCL.framework/Versions/A/Libraries/ImageFormats/unorm8_rgba.dylib
0x000000012364c000 	cl_kernels
0x0000000123693000 	cl_kernels
0x0000000123697000 	cl_kernels

VM Arguments:
jvm_args: -Didea.launcher.port=7550 -Didea.launcher.bin.path=/Applications/IntelliJ IDEA 14 CE.app/Contents/bin -Dfile.encoding=UTF-8 
java_command: com.intellij.rt.execution.application.AppMain GMAssignment1.Program
java_class_path (initial): /Library/Java/JavaVirtualMachines/jdk1.8.0_20.jdk/Contents/Home/lib/ant-javafx.jar:/Library/Java/JavaVirtualMachines/jdk1.8.0_20.jdk/Contents/Home/lib/dt.jar:/Library/Java/JavaVirtualMachines/jdk1.8.0_20.jdk/Contents/Home/lib/javafx-mx.jar:/Library/Java/JavaVirtualMachines/jdk1.8.0_20.jdk/Contents/Home/lib/jconsole.jar:/Library/Java/JavaVirtualMachines/jdk1.8.0_20.jdk/Contents/Home/lib/sa-jdi.jar:/Library/Java/JavaVirtualMachines/jdk1.8.0_20.jdk/Contents/Home/lib/tools.jar:/Library/Java/JavaVirtualMachines/jdk1.8.0_20.jdk/Contents/Home/jre/lib/charsets.jar:/Library/Java/JavaVirtualMachines/jdk1.8.0_20.jdk/Contents/Home/jre/lib/deploy.jar:/Library/Java/JavaVirtualMachines/jdk1.8.0_20.jdk/Contents/Home/jre/lib/javaws.jar:/Library/Java/JavaVirtualMachines/jdk1.8.0_20.jdk/Contents/Home/jre/lib/jce.jar:/Library/Java/JavaVirtualMachines/jdk1.8.0_20.jdk/Contents/Home/jre/lib/jfr.jar:/Library/Java/JavaVirtualMachines/jdk1.8.0_20.jdk/Contents/Home/jre/lib/jfxswt.jar:/Library/Java/JavaVirtualMachines/jdk1.8.0_20.jdk/Contents/Home/jre/lib/jsse.jar:/Library/Java/JavaVirtualMachines/jdk1.8.0_20.jdk/Contents/Home/jre/lib/management-agent.jar:/Library/Java/JavaVirtualMachines/jdk1.8.0_20.jdk/Contents/Home/jre/lib/plugin.jar:/Library/Java/JavaVirtualMachines/jdk1.8.0_20.jdk/Contents/Home/jre/lib/resources.jar:/Library/Java/JavaVirtualMachines/jdk1.8.0_20.jdk/Contents/Home/jre/lib/rt.jar:/Library/Java/JavaVirtualMachines/jdk1.8.0_20.jdk/Contents/Home/jre/lib/ext/cldrdata.jar:/Library/Java/JavaVirtualMachines/jdk1.8.0_20.jdk/Contents/Home/jre/lib/ext/dnsns.jar:/Library/Java/JavaVirtualMachines/jdk1.8.0_20.jdk/Contents/Home/jre/lib/ext/jfxrt.jar:/Library/Java/JavaVirtualMachines/jdk1.8.0_20.jdk/Contents/Home/jre/lib/ext/localedata.jar:/Library/Java/JavaVirtualMachines/jdk1.8.0_20.jdk/Contents/Home/jre/lib/ext/nashorn.jar:/Library/Java/JavaVirtualMachines/jdk1.8.0_20.jdk/Contents/Home/jre/lib/ext/sunec.jar:/Library/Java/JavaVirtualMachines/jdk1.8.0_20.jdk/C
Launcher Type: SUN_STANDARD

Environment Variables:
PATH=/Users/admin/Downloads/adt-bundle-mac-x86_64-20140702/sdk/tools:/Users/admin/Downloads/adt-bundle-mac-x86_64-20140702/sdk:/usr/local/bin:/usr/bin:/bin:/usr/sbin:/sbin:/opt/X11/bin:/usr/local/git/bin:/usr/texbin
SHELL=/bin/bash
DISPLAY=/private/tmp/com.apple.launchd.pqEsAFlxo4/org.macosforge.xquartz:0

Signal Handlers:
SIGSEGV: [libjvm.dylib+0x578fd7], sa_mask[0]=11111111011111110111111111111111, sa_flags=SA_ONSTACK|SA_RESTART|SA_SIGINFO
SIGBUS: [libjvm.dylib+0x578fd7], sa_mask[0]=11111111011111110111111111111111, sa_flags=SA_RESTART|SA_SIGINFO
SIGFPE: [libjvm.dylib+0x45ab0c], sa_mask[0]=11111111011111110111111111111111, sa_flags=SA_RESTART|SA_SIGINFO
SIGPIPE: [libjvm.dylib+0x45ab0c], sa_mask[0]=11111111011111110111111111111111, sa_flags=SA_RESTART|SA_SIGINFO
SIGXFSZ: [libjvm.dylib+0x45ab0c], sa_mask[0]=11111111011111110111111111111111, sa_flags=SA_RESTART|SA_SIGINFO
SIGILL: [libjvm.dylib+0x45ab0c], sa_mask[0]=11111111011111110111111111111111, sa_flags=SA_RESTART|SA_SIGINFO
SIGUSR1: SIG_DFL, sa_mask[0]=00000000000000000000000000000000, sa_flags=none
SIGUSR2: [libjvm.dylib+0x45a62a], sa_mask[0]=00100000000000000000000000000000, sa_flags=SA_RESTART|SA_SIGINFO
SIGHUP: [libjvm.dylib+0x458bfd], sa_mask[0]=11111111011111110111111111111111, sa_flags=SA_RESTART|SA_SIGINFO
SIGINT: [libjvm.dylib+0x458bfd], sa_mask[0]=11111111011111110111111111111111, sa_flags=SA_RESTART|SA_SIGINFO
SIGTERM: [libjvm.dylib+0x458bfd], sa_mask[0]=11111111011111110111111111111111, sa_flags=SA_RESTART|SA_SIGINFO
SIGQUIT: [libjvm.dylib+0x458bfd], sa_mask[0]=11111111011111110111111111111111, sa_flags=SA_RESTART|SA_SIGINFO


---------------  S Y S T E M  ---------------

OS:Bsduname:Darwin 14.3.0 Darwin Kernel Version 14.3.0: Mon Mar 23 11:59:05 PDT 2015; root:xnu-2782.20.48~5/RELEASE_X86_64 x86_64
rlimit: STACK 8192k, CORE 0k, NPROC 709, NOFILE 10240, AS infinity
load average:3.92 3.88 3.50

CPU:total 4 (2 cores per cpu, 2 threads per core) family 6 model 58 stepping 9, cmov, cx8, fxsr, mmx, sse, sse2, sse3, ssse3, sse4.1, sse4.2, popcnt, avx, aes, clmul, erms, ht, tsc, tscinvbit, tscinv

Memory: 4k page, physical 8388608k(210224k free)

/proc/meminfo:


vm_info: Java HotSpot(TM) 64-Bit Server VM (25.20-b23) for bsd-amd64 JRE (1.8.0_20-b26), built on Jul 30 2014 13:37:47 by "java_re" with gcc 4.2.1 (Based on Apple Inc. build 5658) (LLVM build 2336.9.00)

time: Sat May 23 20:24:04 2015
elapsed time: 7 seconds (0d 0h 0m 7s)

